<?xml version="1.0" encoding="UTF-8" ?>
<testsuite tests="10" failures="0" name="org.springframework.samples.petclinic.service.ClinicServiceJpaTests" time="0.865" errors="0" skipped="0">
  <properties>
    <property name="java.runtime.name" value="Java(TM) SE Runtime Environment"/>
    <property name="sun.boot.library.path" value="/opt/jdk1.8.0_45/jre/lib/amd64"/>
    <property name="java.vm.version" value="25.45-b02"/>
    <property name="java.vm.vendor" value="Oracle Corporation"/>
    <property name="maven.multiModuleProjectDirectory" value="/projects"/>
    <property name="java.vendor.url" value="http://java.oracle.com/"/>
    <property name="path.separator" value=":"/>
    <property name="guice.disable.misplaced.annotation.check" value="true"/>
    <property name="java.vm.name" value="Java HotSpot(TM) 64-Bit Server VM"/>
    <property name="file.encoding.pkg" value="sun.io"/>
    <property name="sun.java.launcher" value="SUN_STANDARD"/>
    <property name="sun.os.patch.level" value="unknown"/>
    <property name="java.vm.specification.name" value="Java Virtual Machine Specification"/>
    <property name="user.dir" value="/projects"/>
    <property name="java.runtime.version" value="1.8.0_45-b14"/>
    <property name="java.awt.graphicsenv" value="sun.awt.X11GraphicsEnvironment"/>
    <property name="java.endorsed.dirs" value="/opt/jdk1.8.0_45/jre/lib/endorsed"/>
    <property name="os.arch" value="amd64"/>
    <property name="java.io.tmpdir" value="/tmp"/>
    <property name="line.separator" value="
"/>
    <property name="java.vm.specification.vendor" value="Oracle Corporation"/>
    <property name="os.name" value="Linux"/>
    <property name="classworlds.conf" value="/home/user/apache-maven-3.3.9/bin/m2.conf"/>
    <property name="sun.jnu.encoding" value="UTF-8"/>
    <property name="java.library.path" value="/usr/java/packages/lib/amd64:/usr/lib64:/lib64:/lib:/usr/lib"/>
    <property name="java.specification.name" value="Java Platform API Specification"/>
    <property name="java.class.version" value="52.0"/>
    <property name="sun.management.compiler" value="HotSpot 64-Bit Tiered Compilers"/>
    <property name="os.version" value="3.10.0-327.4.5.el7.x86_64"/>
    <property name="user.home" value="/home/user"/>
    <property name="user.timezone" value="Etc/UTC"/>
    <property name="java.awt.printerjob" value="sun.print.PSPrinterJob"/>
    <property name="file.encoding" value="UTF-8"/>
    <property name="java.specification.version" value="1.8"/>
    <property name="user.name" value="user"/>
    <property name="java.class.path" value="/home/user/apache-maven-3.3.9/boot/plexus-classworlds-2.5.2.jar"/>
    <property name="java.vm.specification.version" value="1.8"/>
    <property name="sun.arch.data.model" value="64"/>
    <property name="java.home" value="/opt/jdk1.8.0_45/jre"/>
    <property name="sun.java.command" value="org.codehaus.plexus.classworlds.launcher.Launcher -f /projects/web-java-spring-petclinic clean install"/>
    <property name="java.specification.vendor" value="Oracle Corporation"/>
    <property name="user.language" value="en"/>
    <property name="awt.toolkit" value="sun.awt.X11.XToolkit"/>
    <property name="java.vm.info" value="mixed mode"/>
    <property name="java.version" value="1.8.0_45"/>
    <property name="java.ext.dirs" value="/opt/jdk1.8.0_45/jre/lib/ext:/usr/java/packages/lib/ext"/>
    <property name="securerandom.source" value="file:/dev/./urandom"/>
    <property name="sun.boot.class.path" value="/opt/jdk1.8.0_45/jre/lib/resources.jar:/opt/jdk1.8.0_45/jre/lib/rt.jar:/opt/jdk1.8.0_45/jre/lib/sunrsasign.jar:/opt/jdk1.8.0_45/jre/lib/jsse.jar:/opt/jdk1.8.0_45/jre/lib/jce.jar:/opt/jdk1.8.0_45/jre/lib/charsets.jar:/opt/jdk1.8.0_45/jre/lib/jfr.jar:/opt/jdk1.8.0_45/jre/classes"/>
    <property name="java.vendor" value="Oracle Corporation"/>
    <property name="maven.home" value="/home/user/apache-maven-3.3.9"/>
    <property name="file.separator" value="/"/>
    <property name="java.vendor.url.bug" value="http://bugreport.sun.com/bugreport/"/>
    <property name="sun.cpu.endian" value="little"/>
    <property name="sun.io.unicode.encoding" value="UnicodeLittle"/>
    <property name="sun.cpu.isalist" value=""/>
  </properties>
  <testcase classname="org.springframework.samples.petclinic.service.ClinicServiceJpaTests" name="updatePet" time="0.214"/>
  <testcase classname="org.springframework.samples.petclinic.service.ClinicServiceJpaTests" name="getPetTypes" time="0.156"/>
  <testcase classname="org.springframework.samples.petclinic.service.ClinicServiceJpaTests" name="findPet" time="0.018"/>
  <testcase classname="org.springframework.samples.petclinic.service.ClinicServiceJpaTests" name="findVets" time="0.048"/>
  <testcase classname="org.springframework.samples.petclinic.service.ClinicServiceJpaTests" name="updateOwner" time="0.293"/>
  <testcase classname="org.springframework.samples.petclinic.service.ClinicServiceJpaTests" name="insertPet" time="0.086"/>
  <testcase classname="org.springframework.samples.petclinic.service.ClinicServiceJpaTests" name="findSingleOwner" time="0.012"/>
  <testcase classname="org.springframework.samples.petclinic.service.ClinicServiceJpaTests" name="insertOwner" time="0.021"/>
  <testcase classname="org.springframework.samples.petclinic.service.ClinicServiceJpaTests" name="insertVisit" time="0.008"/>
  <testcase classname="org.springframework.samples.petclinic.service.ClinicServiceJpaTests" name="findOwners" time="0.009"/>
</testsuite>